<?xml version="1.0" encoding="UTF-8"?>
<testsuite name="net.ukr.ptf.addressbook.tests.GroupModificationTests" tests="1" skipped="0" failures="0" errors="0" timestamp="2018-01-14T15:41:59" hostname="zapel-PC" time="1.464">
  <properties/>
  <testcase name="groupModification" classname="net.ukr.ptf.addressbook.tests.GroupModificationTests" time="1.464"/>
  <system-out><![CDATA[]]></system-out>
  <system-err><![CDATA[]]></system-err>
</testsuite>
