<?xml version="1.0" encoding="UTF-8"?>
<testsuite name="net.ukr.ptf.addressbook.tests.ContactDeletionTests" tests="1" skipped="0" failures="0" errors="0" timestamp="2018-03-04T03:56:33" hostname="zapel-PC" time="3.863">
  <properties/>
  <testcase name="testContactDeletion" classname="net.ukr.ptf.addressbook.tests.ContactDeletionTests" time="3.863"/>
  <system-out><![CDATA[]]></system-out>
  <system-err><![CDATA[]]></system-err>
</testsuite>
