<?xml version="1.0" encoding="UTF-8"?>
<testsuite name="net.ukr.ptf.addressbook.tests.ContactCreationTests" tests="10" skipped="0" failures="0" errors="0" timestamp="2018-03-04T03:38:00" hostname="zapel-PC" time="95.026">
  <properties/>
  <testcase name="testContactCreation[0](ContactData{id='2147483647', firstName='FirstName0', lastName='LastName0'})" classname="net.ukr.ptf.addressbook.tests.ContactCreationTests" time="18.451"/>
  <testcase name="testContactCreation[1](ContactData{id='2147483647', firstName='FirstName1', lastName='LastName1'})" classname="net.ukr.ptf.addressbook.tests.ContactCreationTests" time="7.91"/>
  <testcase name="testContactCreation[2](ContactData{id='2147483647', firstName='FirstName2', lastName='LastName2'})" classname="net.ukr.ptf.addressbook.tests.ContactCreationTests" time="8.046"/>
  <testcase name="testContactCreation[3](ContactData{id='2147483647', firstName='FirstName3', lastName='LastName3'})" classname="net.ukr.ptf.addressbook.tests.ContactCreationTests" time="8.172"/>
  <testcase name="testContactCreation[4](ContactData{id='2147483647', firstName='FirstName4', lastName='LastName4'})" classname="net.ukr.ptf.addressbook.tests.ContactCreationTests" time="8.485"/>
  <testcase name="testContactCreation[5](ContactData{id='2147483647', firstName='FirstName5', lastName='LastName5'})" classname="net.ukr.ptf.addressbook.tests.ContactCreationTests" time="8.53"/>
  <testcase name="testContactCreation[6](ContactData{id='2147483647', firstName='FirstName6', lastName='LastName6'})" classname="net.ukr.ptf.addressbook.tests.ContactCreationTests" time="8.693"/>
  <testcase name="testContactCreation[7](ContactData{id='2147483647', firstName='FirstName7', lastName='LastName7'})" classname="net.ukr.ptf.addressbook.tests.ContactCreationTests" time="8.797"/>
  <testcase name="testContactCreation[8](ContactData{id='2147483647', firstName='FirstName8', lastName='LastName8'})" classname="net.ukr.ptf.addressbook.tests.ContactCreationTests" time="8.98"/>
  <testcase name="testContactCreation[9](ContactData{id='2147483647', firstName='FirstName9', lastName='LastName9'})" classname="net.ukr.ptf.addressbook.tests.ContactCreationTests" time="8.956"/>
  <system-out><![CDATA[]]></system-out>
  <system-err><![CDATA[]]></system-err>
</testsuite>
