<?xml version="1.0" encoding="UTF-8"?>
<testsuite name="net.ukr.ptf.addressbook.tests.GroupDeletionTests" tests="1" skipped="0" failures="0" errors="0" timestamp="2018-03-04T03:37:57" hostname="zapel-PC" time="2.656">
  <properties/>
  <testcase name="testGroupDeletion" classname="net.ukr.ptf.addressbook.tests.GroupDeletionTests" time="2.656"/>
  <system-out><![CDATA[]]></system-out>
  <system-err><![CDATA[]]></system-err>
</testsuite>
