<?xml version="1.0" encoding="UTF-8"?>
<testsuite name="net.ukr.ptf.addressbook.tests.GroupCreationTests" tests="10" skipped="0" failures="0" errors="0" timestamp="2018-03-04T03:36:51" hostname="zapel-PC" time="34.302">
  <properties/>
  <testcase name="testGroupCreation[0](GroupData{id='2147483647', name='test0'})" classname="net.ukr.ptf.addressbook.tests.GroupCreationTests" time="5.042"/>
  <testcase name="testGroupCreation[1](GroupData{id='2147483647', name='test1'})" classname="net.ukr.ptf.addressbook.tests.GroupCreationTests" time="3.128"/>
  <testcase name="testGroupCreation[2](GroupData{id='2147483647', name='test2'})" classname="net.ukr.ptf.addressbook.tests.GroupCreationTests" time="3.082"/>
  <testcase name="testGroupCreation[3](GroupData{id='2147483647', name='test3'})" classname="net.ukr.ptf.addressbook.tests.GroupCreationTests" time="3.225"/>
  <testcase name="testGroupCreation[4](GroupData{id='2147483647', name='test4'})" classname="net.ukr.ptf.addressbook.tests.GroupCreationTests" time="3.251"/>
  <testcase name="testGroupCreation[5](GroupData{id='2147483647', name='test5'})" classname="net.ukr.ptf.addressbook.tests.GroupCreationTests" time="3.257"/>
  <testcase name="testGroupCreation[6](GroupData{id='2147483647', name='test6'})" classname="net.ukr.ptf.addressbook.tests.GroupCreationTests" time="3.207"/>
  <testcase name="testGroupCreation[7](GroupData{id='2147483647', name='test7'})" classname="net.ukr.ptf.addressbook.tests.GroupCreationTests" time="3.234"/>
  <testcase name="testGroupCreation[8](GroupData{id='2147483647', name='test8'})" classname="net.ukr.ptf.addressbook.tests.GroupCreationTests" time="3.443"/>
  <testcase name="testGroupCreation[9](GroupData{id='2147483647', name='test9'})" classname="net.ukr.ptf.addressbook.tests.GroupCreationTests" time="3.43"/>
  <system-out><![CDATA[]]></system-out>
  <system-err><![CDATA[]]></system-err>
</testsuite>
